# JRE version: OpenJDK Runtime Environment (8.0_242-b01) (build 1.8.0_242-release-1644-b01)
# Java VM: OpenJDK 64-Bit Server VM (25.242-b01 mixed mode windows-amd64 compressed oops)
Heap:
 PSYoungGen      total 627200K, used 471390K [0x00000000d5580000, 0x00000000fff80000, 0x0000000100000000)
  eden space 555520K, 83% used [0x00000000d5580000,0x00000000f1a560b0,0x00000000f7400000)
  from space 71680K, 10% used [0x00000000f7400000,0x00000000f7b81af0,0x00000000fba00000)
  to   space 71168K, 0% used [0x00000000fba00000,0x00000000fba00000,0x00000000fff80000)
 ParOldGen       total 435200K, used 247461K [0x0000000080000000, 0x000000009a900000, 0x00000000d5580000)
  object space 435200K, 56% used [0x0000000080000000,0x000000008f1a96a8,0x000000009a900000)
 Metaspace       used 125552K, capacity 136218K, committed 136424K, reserved 1167360K
  class space    used 15995K, capacity 17870K, committed 17936K, reserved 1048576K
GC Heap History (10 events):
Event: 9519.039 GC heap before
{Heap before GC invocations=57 (full 4):
 PSYoungGen      total 544256K, used 524352K [0x00000000d5580000, 0x00000000fc000000, 0x0000000100000000)
  eden space 478208K, 100% used [0x00000000d5580000,0x00000000f2880000,0x00000000f2880000)
  from space 66048K, 69% used [0x00000000f6c80000,0x00000000f99900f0,0x00000000fad00000)
  to   space 69632K, 0% used [0x00000000f2880000,0x00000000f2880000,0x00000000f6c80000)
 ParOldGen       total 435200K, used 231425K [0x0000000080000000, 0x000000009a900000, 0x00000000d5580000)
  object space 435200K, 53% used [0x0000000080000000,0x000000008e200420,0x000000009a900000)
 Metaspace       used 125453K, capacity 136150K, committed 136424K, reserved 1167360K
  class space    used 15995K, capacity 17870K, committed 17936K, reserved 1048576K
Event: 9519.067 GC heap after
Heap after GC invocations=57 (full 4):
 PSYoungGen      total 547840K, used 43444K [0x00000000d5580000, 0x0000000100000000, 0x0000000100000000)
  eden space 478208K, 0% used [0x00000000d5580000,0x00000000d5580000,0x00000000f2880000)
  from space 69632K, 62% used [0x00000000f2880000,0x00000000f52ed2f8,0x00000000f6c80000)
  to   space 70656K, 0% used [0x00000000fbb00000,0x00000000fbb00000,0x0000000100000000)
 ParOldGen       total 435200K, used 231497K [0x0000000080000000, 0x000000009a900000, 0x00000000d5580000)
  object space 435200K, 53% used [0x0000000080000000,0x000000008e212420,0x000000009a900000)
 Metaspace       used 125453K, capacity 136150K, committed 136424K, reserved 1167360K
  class space    used 15995K, capacity 17870K, committed 17936K, reserved 1048576K
}
Event: 9519.380 GC heap before
{Heap before GC invocations=58 (full 4):
 PSYoungGen      total 547840K, used 521652K [0x00000000d5580000, 0x0000000100000000, 0x0000000100000000)
  eden space 478208K, 100% used [0x00000000d5580000,0x00000000f2880000,0x00000000f2880000)
  from space 69632K, 62% used [0x00000000f2880000,0x00000000f52ed2f8,0x00000000f6c80000)
  to   space 70656K, 0% used [0x00000000fbb00000,0x00000000fbb00000,0x0000000100000000)
 ParOldGen       total 435200K, used 231497K [0x0000000080000000, 0x000000009a900000, 0x00000000d5580000)
  object space 435200K, 53% used [0x0000000080000000,0x000000008e212420,0x000000009a900000)
 Metaspace       used 125457K, capacity 136150K, committed 136424K, reserved 1167360K
  class space    used 15995K, capacity 17870K, committed 17936K, reserved 1048576K
Event: 9519.399 GC heap after
Heap after GC invocations=58 (full 4):
 PSYoungGen      total 626176K, used 43211K [0x00000000d5580000, 0x0000000100000000, 0x0000000100000000)
  eden space 555520K, 0% used [0x00000000d5580000,0x00000000d5580000,0x00000000f7400000)
  from space 70656K, 61% used [0x00000000fbb00000,0x00000000fe532c68,0x0000000100000000)
  to   space 71680K, 0% used [0x00000000f7400000,0x00000000f7400000,0x00000000fba00000)
 ParOldGen       total 435200K, used 231609K [0x0000000080000000, 0x000000009a900000, 0x00000000d5580000)
  object space 435200K, 53% used [0x0000000080000000,0x000000008e22e420,0x000000009a900000)
 Metaspace       used 125457K, capacity 136150K, committed 136424K, reserved 1167360K
  class space    used 15995K, capacity 17870K, committed 17936K, reserved 1048576K
}
Event: 9519.763 GC heap before
{Heap before GC invocations=59 (full 4):
 PSYoungGen      total 626176K, used 598731K [0x00000000d5580000, 0x0000000100000000, 0x0000000100000000)
  eden space 555520K, 100% used [0x00000000d5580000,0x00000000f7400000,0x00000000f7400000)
  from space 70656K, 61% used [0x00000000fbb00000,0x00000000fe532c68,0x0000000100000000)
  to   space 71680K, 0% used [0x00000000f7400000,0x00000000f7400000,0x00000000fba00000)
 ParOldGen       total 435200K, used 231609K [0x0000000080000000, 0x000000009a900000, 0x00000000d5580000)
  object space 435200K, 53% used [0x0000000080000000,0x000000008e22e420,0x000000009a900000)
 Metaspace       used 125466K, capacity 136150K, committed 136424K, reserved 1167360K
  class space    used 15995K, capacity 17870K, committed 17936K, reserved 1048576K
Event: 9519.783 GC heap after
Heap after GC invocations=59 (full 4):
 PSYoungGen      total 627200K, used 41557K [0x00000000d5580000, 0x0000000100000000, 0x0000000100000000)
  eden space 555520K, 0% used [0x00000000d5580000,0x00000000d5580000,0x00000000f7400000)
  from space 71680K, 57% used [0x00000000f7400000,0x00000000f9c95778,0x00000000fba00000)
  to   space 71168K, 0% used [0x00000000fba80000,0x00000000fba80000,0x0000000100000000)
 ParOldGen       total 435200K, used 231835K [0x0000000080000000, 0x000000009a900000, 0x00000000d5580000)
  object space 435200K, 53% used [0x0000000080000000,0x000000008e266ca0,0x000000009a900000)
 Metaspace       used 125466K, capacity 136150K, committed 136424K, reserved 1167360K
  class space    used 15995K, capacity 17870K, committed 17936K, reserved 1048576K
}
Event: 9520.331 GC heap before
{Heap before GC invocations=60 (full 4):
 PSYoungGen      total 627200K, used 597077K [0x00000000d5580000, 0x0000000100000000, 0x0000000100000000)
  eden space 555520K, 100% used [0x00000000d5580000,0x00000000f7400000,0x00000000f7400000)
  from space 71680K, 57% used [0x00000000f7400000,0x00000000f9c95778,0x00000000fba00000)
  to   space 71168K, 0% used [0x00000000fba80000,0x00000000fba80000,0x0000000100000000)
 ParOldGen       total 435200K, used 231835K [0x0000000080000000, 0x000000009a900000, 0x00000000d5580000)
  object space 435200K, 53% used [0x0000000080000000,0x000000008e266ca0,0x000000009a900000)
 Metaspace       used 125539K, capacity 136218K, committed 136424K, reserved 1167360K
  class space    used 15995K, capacity 17870K, committed 17936K, reserved 1048576K
Event: 9520.346 GC heap after
Heap after GC invocations=60 (full 4):
 PSYoungGen      total 626688K, used 8985K [0x00000000d5580000, 0x0000000100000000, 0x0000000100000000)
  eden space 555520K, 0% used [0x00000000d5580000,0x00000000d5580000,0x00000000f7400000)
  from space 71168K, 12% used [0x00000000fba80000,0x00000000fc346540,0x0000000100000000)
  to   space 71680K, 0% used [0x00000000f7400000,0x00000000f7400000,0x00000000fba00000)
 ParOldGen       total 435200K, used 245837K [0x0000000080000000, 0x000000009a900000, 0x00000000d5580000)
  object space 435200K, 56% used [0x0000000080000000,0x000000008f0136a8,0x000000009a900000)
 Metaspace       used 125539K, capacity 136218K, committed 136424K, reserved 1167360K
  class space    used 15995K, capacity 17870K, committed 17936K, reserved 1048576K
}
Event: 9521.103 GC heap before
{Heap before GC invocations=61 (full 4):
 PSYoungGen      total 626688K, used 564505K [0x00000000d5580000, 0x0000000100000000, 0x0000000100000000)
  eden space 555520K, 100% used [0x00000000d5580000,0x00000000f7400000,0x00000000f7400000)
  from space 71168K, 12% used [0x00000000fba80000,0x00000000fc346540,0x0000000100000000)
  to   space 71680K, 0% used [0x00000000f7400000,0x00000000f7400000,0x00000000fba00000)
 ParOldGen       total 435200K, used 245837K [0x0000000080000000, 0x000000009a900000, 0x00000000d5580000)
  object space 435200K, 56% used [0x0000000080000000,0x000000008f0136a8,0x000000009a900000)
 Metaspace       used 125545K, capacity 136218K, committed 136424K, reserved 1167360K
  class space    used 15995K, capacity 17870K, committed 17936K, reserved 1048576K
Event: 9521.111 GC heap after
Heap after GC invocations=61 (full 4):
 PSYoungGen      total 627200K, used 7686K [0x00000000d5580000, 0x00000000fff80000, 0x0000000100000000)
  eden space 555520K, 0% used [0x00000000d5580000,0x00000000d5580000,0x00000000f7400000)
  from space 71680K, 10% used [0x00000000f7400000,0x00000000f7b81af0,0x00000000fba00000)
  to   space 71168K, 0% used [0x00000000fba00000,0x00000000fba00000,0x00000000fff80000)
 ParOldGen       total 435200K, used 247461K [0x0000000080000000, 0x000000009a900000, 0x00000000d5580000)
  object space 435200K, 56% used [0x0000000080000000,0x000000008f1a96a8,0x000000009a900000)
 Metaspace       used 125545K, capacity 136218K, committed 136424K, reserved 1167360K
  class space    used 15995K, capacity 17870K, committed 17936K, reserved 1048576K
}

